Added Component: Designator=*1(SSOP20)
Added Component: Designator=C1(C 0805_M)
Added Component: Designator=C2(C 0805_M)
Added Component: Designator=C3(C 0805_M)
Added Component: Designator=C4(C 0805_M)
Added Component: Designator=C5(C 0805_M)
Added Component: Designator=C6(C 0805_M)
Added Component: Designator=C7(C 0805_M)
Added Component: Designator=C8(C 0805_M)
Added Component: Designator=C9(C 0805_M)
Added Component: Designator=C10(C 0805_M)
Added Component: Designator=C11(C 0805_M)
Added Component: Designator=C12(C 0805_M)
Added Component: Designator=C13(C 0805_M)
Added Component: Designator=C14(C 0805_M)
Added Component: Designator=C15(C 0805_M)
Added Component: Designator=C16(C 0805_M)
Added Component: Designator=C17(C 0805_M)
Added Component: Designator=C18(C 0805_M)
Added Component: Designator=C19(C 0805_M)
Added Component: Designator=C20(C 0805_M)
Added Component: Designator=C21(C 0805_M)
Added Component: Designator=C22(C 0805_M)
Added Component: Designator=C23(C 0805_M)
Added Component: Designator=C24(C 0805_M)
Added Component: Designator=C25(C 0805_M)
Added Component: Designator=C26(C 0805_M)
Added Component: Designator=C27(C 0805_M)
Added Component: Designator=C28(C 0805_M)
Added Component: Designator=D1(SMA)
Add component (AddParameter): Name = "BOM名称"; Value = "肖特基二极管"; VariantName = "[No Variations]"
Add component (AddParameter): Name = "学习资源"; Value = "www.ooocke.com"; VariantName = "[No Variations]"
Add component (AddParameter): Name = "属性"; Value = "40V/1A"; VariantName = "[No Variations]"
Add component (AddParameter): Name = "版权归属"; Value = "源创客"; VariantName = "[No Variations]"
Added Component: Designator=D2(SMA)
Add component (AddParameter): Name = "BOM名称"; Value = "肖特基二极管"; VariantName = "[No Variations]"
Add component (AddParameter): Name = "学习资源"; Value = "www.ooocke.com"; VariantName = "[No Variations]"
Add component (AddParameter): Name = "属性"; Value = "40V/1A"; VariantName = "[No Variations]"
Add component (AddParameter): Name = "版权归属"; Value = "源创客"; VariantName = "[No Variations]"
Added Component: Designator=D3(SMA)
Add component (AddParameter): Name = "BOM名称"; Value = "肖特基二极管"; VariantName = "[No Variations]"
Add component (AddParameter): Name = "学习资源"; Value = "www.ooocke.com"; VariantName = "[No Variations]"
Add component (AddParameter): Name = "属性"; Value = "40V/1A"; VariantName = "[No Variations]"
Add component (AddParameter): Name = "版权归属"; Value = "源创客"; VariantName = "[No Variations]"
Added Component: Designator=D4(SMA)
Add component (AddParameter): Name = "BOM名称"; Value = "肖特基二极管"; VariantName = "[No Variations]"
Add component (AddParameter): Name = "学习资源"; Value = "www.ooocke.com"; VariantName = "[No Variations]"
Add component (AddParameter): Name = "属性"; Value = "40V/1A"; VariantName = "[No Variations]"
Add component (AddParameter): Name = "版权归属"; Value = "源创客"; VariantName = "[No Variations]"
Added Component: Designator=D5(SMA)
Add component (AddParameter): Name = "BOM名称"; Value = "肖特基二极管"; VariantName = "[No Variations]"
Add component (AddParameter): Name = "学习资源"; Value = "www.ooocke.com"; VariantName = "[No Variations]"
Add component (AddParameter): Name = "属性"; Value = "40V/1A"; VariantName = "[No Variations]"
Add component (AddParameter): Name = "版权归属"; Value = "源创客"; VariantName = "[No Variations]"
Added Component: Designator=E1(CM A(3*5.4))
Add component (AddParameter): Name = "BOM名称"; Value = "贴片电解电容"; VariantName = "[No Variations]"
Add component (AddParameter): Name = "学习资源"; Value = "www.ooocke.com"; VariantName = "[No Variations]"
Add component (AddParameter): Name = "版权归属"; Value = "源创客"; VariantName = "[No Variations]"
Added Component: Designator=E2(CD A(3216))
Add component (AddParameter): Name = "BOM名称"; Value = "贴片钽电容"; VariantName = "[No Variations]"
Add component (AddParameter): Name = "学习资源"; Value = "www.ooocke.com"; VariantName = "[No Variations]"
Add component (AddParameter): Name = "版权归属"; Value = "源创客"; VariantName = "[No Variations]"
Added Component: Designator=E3(CD A(3216))
Add component (AddParameter): Name = "BOM名称"; Value = "贴片钽电容"; VariantName = "[No Variations]"
Add component (AddParameter): Name = "学习资源"; Value = "www.ooocke.com"; VariantName = "[No Variations]"
Add component (AddParameter): Name = "版权归属"; Value = "源创客"; VariantName = "[No Variations]"
Added Component: Designator=J1(Pin HDR1X4/2.54mm-S)
Added Component: Designator=J2(Pin HDR1X4/2.54mm-S)
Added Component: Designator=J3(SOP4)
Add component (AddParameter): Name = "BOM名称"; Value = "光耦"; VariantName = "[No Variations]"
Add component (AddParameter): Name = "学习资源"; Value = "www.ooocke.com"; VariantName = "[No Variations]"
Add component (AddParameter): Name = "版权归属"; Value = "源创客"; VariantName = "[No Variations]"
Added Component: Designator=J4(KF2EDGK5.08W-2P)
Added Component: Designator=J5(Pin HDR1X4/2.54mm-S)
Added Component: Designator=J6(Pin HDR1X4/2.54mm-S)
Added Component: Designator=J7(Pin HDR1X4/2.54mm-S)
Added Component: Designator=JK1(HF46-xx-HS1)
Add component (AddParameter): Name = "BOM名称"; Value = "24V继电器"; VariantName = "[No Variations]"
Add component (AddParameter): Name = "学习资源"; Value = "www.ooocke.com"; VariantName = "[No Variations]"
Add component (AddParameter): Name = "版权归属"; Value = "源创客"; VariantName = "[No Variations]"
Added Component: Designator=JK2(HF46-xx-HS1)
Add component (AddParameter): Name = "BOM名称"; Value = "5V继电器"; VariantName = "[No Variations]"
Add component (AddParameter): Name = "学习资源"; Value = "www.ooocke.com"; VariantName = "[No Variations]"
Add component (AddParameter): Name = "版权归属"; Value = "源创客"; VariantName = "[No Variations]"
Added Component: Designator=L1(CD31)
Add component (AddParameter): Name = "BOM名称"; Value = "功率电感"; VariantName = "[No Variations]"
Add component (AddParameter): Name = "学习资源"; Value = "www.ooocke.com"; VariantName = "[No Variations]"
Add component (AddParameter): Name = "版权归属"; Value = "源创客"; VariantName = "[No Variations]"
Added Component: Designator=L2(L 0805_M)
Added Component: Designator=LED1(LED 0805R)
Add component (AddParameter): Name = "BOM名称"; Value = "贴片LED"; VariantName = "[No Variations]"
Add component (AddParameter): Name = "学习资源"; Value = "www.ooocke.com"; VariantName = "[No Variations]"
Add component (AddParameter): Name = "版权归属"; Value = "源创客"; VariantName = "[No Variations]"
Added Component: Designator=LED2(LED 0805R)
Add component (AddParameter): Name = "BOM名称"; Value = "贴片LED"; VariantName = "[No Variations]"
Add component (AddParameter): Name = "学习资源"; Value = "www.ooocke.com"; VariantName = "[No Variations]"
Add component (AddParameter): Name = "版权归属"; Value = "源创客"; VariantName = "[No Variations]"
Added Component: Designator=LED3(LED 0805R)
Add component (AddParameter): Name = "BOM名称"; Value = "贴片LED"; VariantName = "[No Variations]"
Add component (AddParameter): Name = "学习资源"; Value = "www.ooocke.com"; VariantName = "[No Variations]"
Add component (AddParameter): Name = "版权归属"; Value = "源创客"; VariantName = "[No Variations]"
Added Component: Designator=P1(JAE_MX34_2.2_24 - duplicate)
Added Component: Designator=Q1(SOT23)
Added Component: Designator=Q2(SOT-23)
Added Component: Designator=R1(0805R)
Added Component: Designator=R2(0805R)
Added Component: Designator=R3(0805R)
Added Component: Designator=R4(0805R)
Added Component: Designator=R5(0805R)
Added Component: Designator=R6(0805R)
Added Component: Designator=R7(0805R)
Added Component: Designator=R8(0805R)
Added Component: Designator=R9(0805R)
Added Component: Designator=R10(0805R)
Added Component: Designator=R11(0805R)
Added Component: Designator=R12(0805R)
Added Component: Designator=R13(0805R)
Added Component: Designator=R14(0805R)
Added Component: Designator=R15(0805R)
Added Component: Designator=R16(0805R)
Added Component: Designator=R17(0805R)
Added Component: Designator=R18(0805R)
Added Component: Designator=R19(0805R)
Added Component: Designator=R20(0805R)
Added Component: Designator=R21(0805R)
Added Component: Designator=R22(0805R)
Added Component: Designator=R23(0805R)
Added Component: Designator=R24(0805R)
Added Component: Designator=R25(0805R)
Added Component: Designator=R26(0805R)
Added Component: Designator=R27(0805R)
Added Component: Designator=R28(0805R)
Added Component: Designator=R29(0805R)
Added Component: Designator=R30(0805R)
Added Component: Designator=R31(0805R)
Added Component: Designator=R32(0805R)
Added Component: Designator=R33(0805R)
Added Component: Designator=R34(0805R)
Added Component: Designator=RQ(4532)
Added Component: Designator=S1(TSW SMD-3*6*2.5)
Added Component: Designator=U1(LQFP48 7X7)
Added Component: Designator=U3(SOP8)
Added Component: Designator=U4(SOP8-Pad)
Added Component: Designator=U?(SOP-23)
Added Component: Designator=V1(SOT223_M)
Add component (AddParameter): Name = "BOM名称"; Value = "稳压芯片"; VariantName = "[No Variations]"
Add component (AddParameter): Name = "学习资源"; Value = "www.ooocke.com"; VariantName = "[No Variations]"
Add component (AddParameter): Name = "版权归属"; Value = "源创客"; VariantName = "[No Variations]"
Added Component: Designator=X1(OSC 5032-2P)
Added Pin To Net: NetName=A\S\_\m\o\d\e\_\3\V\3\ Pin=*1-4
Added Pin To Net: NetName=A\S\_\m\o\d\e\_\3\V\3\ Pin=U1-26
Added Net: Name=A\S\_\m\o\d\e\_\3\V\3\
Added Pin To Net: NetName=A\S\_\m\o\d\e\_\5\V\ Pin=*1-18
Added Pin To Net: NetName=A\S\_\m\o\d\e\_\5\V\ Pin=J7-3
Added Net: Name=A\S\_\m\o\d\e\_\5\V\
Added Pin To Net: NetName=actuator_24V Pin=JK1-4
Added Pin To Net: NetName=actuator_24V Pin=R6-1
Added Pin To Net: NetName=actuator_24V Pin=R7-2
Added Net: Name=actuator_24V
Added Pin To Net: NetName=b\r\a\k\e\_\3\V\3\ Pin=*1-5
Added Pin To Net: NetName=b\r\a\k\e\_\3\V\3\ Pin=U1-27
Added Net: Name=b\r\a\k\e\_\3\V\3\
Added Pin To Net: NetName=b\r\a\k\e\_\5\V\ Pin=*1-17
Added Pin To Net: NetName=b\r\a\k\e\_\5\V\ Pin=J7-4
Added Net: Name=b\r\a\k\e\_\5\V\
Added Pin To Net: NetName=brake_control_3V3 Pin=*1-6
Added Pin To Net: NetName=brake_control_3V3 Pin=U1-41
Added Net: Name=brake_control_3V3
Added Pin To Net: NetName=brake_control_5V Pin=*1-15
Added Pin To Net: NetName=brake_control_5V Pin=J6-2
Added Pin To Net: NetName=brake_control_5V Pin=R10-2
Added Pin To Net: NetName=brake_control_5V Pin=R13-2
Added Net: Name=brake_control_5V
Added Pin To Net: NetName=CAN_EXT_H Pin=C14-1
Added Pin To Net: NetName=CAN_EXT_H Pin=P1-16
Added Pin To Net: NetName=CAN_EXT_H Pin=R12-2
Added Pin To Net: NetName=CAN_EXT_H Pin=RQ-3
Added Pin To Net: NetName=CAN_EXT_H Pin=U?-1
Added Net: Name=CAN_EXT_H
Added Pin To Net: NetName=CAN_EXT_L Pin=C13-1
Added Pin To Net: NetName=CAN_EXT_L Pin=P1-17
Added Pin To Net: NetName=CAN_EXT_L Pin=R15-1
Added Pin To Net: NetName=CAN_EXT_L Pin=RQ-4
Added Pin To Net: NetName=CAN_EXT_L Pin=U?-2
Added Net: Name=CAN_EXT_L
Added Pin To Net: NetName=CAN_RX_MCU Pin=U1-33
Added Pin To Net: NetName=CAN_RX_MCU Pin=U3-4
Added Net: Name=CAN_RX_MCU
Added Pin To Net: NetName=CAN_TX_MCU Pin=U1-32
Added Pin To Net: NetName=CAN_TX_MCU Pin=U3-1
Added Net: Name=CAN_TX_MCU
Added Pin To Net: NetName=GAS_ADC Pin=C21-1
Added Pin To Net: NetName=GAS_ADC Pin=R22-1
Added Pin To Net: NetName=GAS_ADC Pin=R29-2
Added Pin To Net: NetName=GAS_ADC Pin=U1-15
Added Net: Name=GAS_ADC
Added Pin To Net: NetName=gas Pin=P1-14
Added Pin To Net: NetName=gas Pin=R22-2
Added Net: Name=gas
Added Pin To Net: NetName=GND_A Pin=C17-2
Added Pin To Net: NetName=GND_A Pin=C18-2
Added Pin To Net: NetName=GND_A Pin=C19-2
Added Pin To Net: NetName=GND_A Pin=C20-2
Added Pin To Net: NetName=GND_A Pin=C21-2
Added Pin To Net: NetName=GND_A Pin=L2-1
Added Pin To Net: NetName=GND_A Pin=P1-3
Added Pin To Net: NetName=GND_A Pin=P1-6
Added Pin To Net: NetName=GND_A Pin=P1-9
Added Pin To Net: NetName=GND_A Pin=P1-12
Added Pin To Net: NetName=GND_A Pin=P1-15
Added Pin To Net: NetName=GND_A Pin=R25-1
Added Pin To Net: NetName=GND_A Pin=R26-1
Added Pin To Net: NetName=GND_A Pin=R27-1
Added Pin To Net: NetName=GND_A Pin=R28-1
Added Pin To Net: NetName=GND_A Pin=R29-1
Added Pin To Net: NetName=GND_A Pin=U1-8
Added Net: Name=GND_A
Added Pin To Net: NetName=LB_ADC Pin=C19-1
Added Pin To Net: NetName=LB_ADC Pin=R20-1
Added Pin To Net: NetName=LB_ADC Pin=R27-2
Added Pin To Net: NetName=LB_ADC Pin=U1-13
Added Net: Name=LB_ADC
Added Pin To Net: NetName=LB_oil Pin=P1-8
Added Pin To Net: NetName=LB_oil Pin=R20-2
Added Net: Name=LB_oil
Added Pin To Net: NetName=LF_ADC Pin=C17-1
Added Pin To Net: NetName=LF_ADC Pin=R18-1
Added Pin To Net: NetName=LF_ADC Pin=R25-2
Added Pin To Net: NetName=LF_ADC Pin=U1-11
Added Net: Name=LF_ADC
Added Pin To Net: NetName=LF_oil Pin=P1-2
Added Pin To Net: NetName=LF_oil Pin=R18-2
Added Net: Name=LF_oil
Added Pin To Net: NetName=NetC12_2 Pin=C12-2
Added Pin To Net: NetName=NetC12_2 Pin=R12-1
Added Pin To Net: NetName=NetC12_2 Pin=R15-2
Added Net: Name=NetC12_2
Added Pin To Net: NetName=NetC22_1 Pin=C22-1
Added Pin To Net: NetName=NetC22_1 Pin=Q2-B
Added Pin To Net: NetName=NetC22_1 Pin=R31-1
Added Pin To Net: NetName=NetC22_1 Pin=R32-2
Added Net: Name=NetC22_1
Added Pin To Net: NetName=NetC23_1 Pin=C23-1
Added Pin To Net: NetName=NetC23_1 Pin=U4-1
Added Net: Name=NetC23_1
Added Pin To Net: NetName=NetC23_2 Pin=C23-2
Added Pin To Net: NetName=NetC23_2 Pin=D5-2
Added Pin To Net: NetName=NetC23_2 Pin=L1-1
Added Pin To Net: NetName=NetC23_2 Pin=U4-8
Added Net: Name=NetC23_2
Added Pin To Net: NetName=NetD3_1 Pin=D3-1
Added Pin To Net: NetName=NetD3_1 Pin=JK1-1
Added Pin To Net: NetName=NetD3_1 Pin=LED2-2
Added Pin To Net: NetName=NetD3_1 Pin=R8-2
Added Net: Name=NetD3_1
Added Pin To Net: NetName=NetD4_1 Pin=D4-1
Added Pin To Net: NetName=NetD4_1 Pin=JK2-2
Added Pin To Net: NetName=NetD4_1 Pin=R23-2
Added Pin To Net: NetName=NetD4_1 Pin=R24-1
Added Net: Name=NetD4_1
Added Pin To Net: NetName=NetJ3_1 Pin=J3-1
Added Pin To Net: NetName=NetJ3_1 Pin=R7-1
Added Net: Name=NetJ3_1
Added Pin To Net: NetName=NetJ3_2 Pin=J3-2
Added Pin To Net: NetName=NetJ3_2 Pin=R9-1
Added Net: Name=NetJ3_2
Added Pin To Net: NetName=NetLED1_2 Pin=LED1-2
Added Pin To Net: NetName=NetLED1_2 Pin=Q1-D
Added Net: Name=NetLED1_2
Added Pin To Net: NetName=NetLED2_1 Pin=LED2-1
Added Pin To Net: NetName=NetLED2_1 Pin=R14-1
Added Net: Name=NetLED2_1
Added Pin To Net: NetName=NetLED3_1 Pin=LED3-1
Added Pin To Net: NetName=NetLED3_1 Pin=R23-1
Added Net: Name=NetLED3_1
Added Pin To Net: NetName=NetQ1_G Pin=Q1-G
Added Pin To Net: NetName=NetQ1_G Pin=R10-1
Added Net: Name=NetQ1_G
Added Pin To Net: NetName=NetQ2_C Pin=Q2-C
Added Pin To Net: NetName=NetQ2_C Pin=R24-2
Added Net: Name=NetQ2_C
Added Pin To Net: NetName=NetR1_2 Pin=R1-2
Added Pin To Net: NetName=NetR1_2 Pin=U1-20
Added Net: Name=NetR1_2
Added Pin To Net: NetName=NetR5_2 Pin=R5-2
Added Pin To Net: NetName=NetR5_2 Pin=U1-44
Added Net: Name=NetR5_2
Added Pin To Net: NetName=NetR33_1 Pin=R33-1
Added Pin To Net: NetName=NetR33_1 Pin=R34-2
Added Pin To Net: NetName=NetR33_1 Pin=U4-4
Added Net: Name=NetR33_1
Added Pin To Net: NetName=NetRQ_1 Pin=RQ-1
Added Pin To Net: NetName=NetRQ_1 Pin=U3-7
Added Net: Name=NetRQ_1
Added Pin To Net: NetName=NetRQ_2 Pin=RQ-2
Added Pin To Net: NetName=NetRQ_2 Pin=U3-6
Added Net: Name=NetRQ_2
Added Pin To Net: NetName=OSCIN Pin=C1-2
Added Pin To Net: NetName=OSCIN Pin=U1-5
Added Pin To Net: NetName=OSCIN Pin=X1-1
Added Net: Name=OSCIN
Added Pin To Net: NetName=OSCOUT Pin=C7-2
Added Pin To Net: NetName=OSCOUT Pin=U1-6
Added Pin To Net: NetName=OSCOUT Pin=X1-2
Added Net: Name=OSCOUT
Added Pin To Net: NetName=RB_ADC Pin=C20-1
Added Pin To Net: NetName=RB_ADC Pin=R21-1
Added Pin To Net: NetName=RB_ADC Pin=R28-2
Added Pin To Net: NetName=RB_ADC Pin=U1-14
Added Net: Name=RB_ADC
Added Pin To Net: NetName=RB_oil Pin=P1-11
Added Pin To Net: NetName=RB_oil Pin=R21-2
Added Net: Name=RB_oil
Added Pin To Net: NetName=RES2- Pin=JK1-3
Added Net: Name=RES2-
Added Pin To Net: NetName=RESET Pin=C8-2
Added Pin To Net: NetName=RESET Pin=D1-1
Added Pin To Net: NetName=RESET Pin=R2-1
Added Pin To Net: NetName=RESET Pin=S1-1
Added Pin To Net: NetName=RESET Pin=U1-7
Added Net: Name=RESET
Added Pin To Net: NetName=RF_ADC Pin=C18-1
Added Pin To Net: NetName=RF_ADC Pin=R19-1
Added Pin To Net: NetName=RF_ADC Pin=R26-2
Added Pin To Net: NetName=RF_ADC Pin=U1-12
Added Net: Name=RF_ADC
Added Pin To Net: NetName=RF_oil Pin=P1-5
Added Pin To Net: NetName=RF_oil Pin=R19-2
Added Net: Name=RF_oil
Added Pin To Net: NetName=SC_out Pin=D3-2
Added Pin To Net: NetName=SC_out Pin=JK1-2
Added Pin To Net: NetName=SC_out Pin=R14-2
Added Net: Name=SC_out
Added Pin To Net: NetName=SDC_AS_3V3 Pin=*1-5
Added Pin To Net: NetName=SDC_AS_3V3 Pin=U1-42
Added Net: Name=SDC_AS_3V3
Added Pin To Net: NetName=SDC_AS_5V Pin=*1-16
Added Pin To Net: NetName=SDC_AS_5V Pin=J6-1
Added Pin To Net: NetName=SDC_AS_5V Pin=R31-2
Added Net: Name=SDC_AS_5V
Added Pin To Net: NetName=SDC_IN Pin=J4-2
Added Pin To Net: NetName=SDC_IN Pin=JK2-3
Added Net: Name=SDC_IN
Added Pin To Net: NetName=SDC_OUT Pin=J4-1
Added Pin To Net: NetName=SDC_OUT Pin=JK2-4
Added Net: Name=SDC_OUT
Added Pin To Net: NetName=shutdown_circuit_5V Pin=J3-3
Added Pin To Net: NetName=shutdown_circuit_5V Pin=J7-2
Added Pin To Net: NetName=shutdown_circuit_5V Pin=R11-1
Added Net: Name=shutdown_circuit_5V
Added Pin To Net: NetName=solenoid_VDD Pin=D2-2
Added Pin To Net: NetName=solenoid_VDD Pin=LED1-1
Added Pin To Net: NetName=solenoid_VDD Pin=P1-20
Added Pin To Net: NetName=solenoid_VDD Pin=R6-2
Added Net: Name=solenoid_VDD
Added Pin To Net: NetName=solenoid_VSS Pin=*1-11
Added Pin To Net: NetName=solenoid_VSS Pin=C1-1
Added Pin To Net: NetName=solenoid_VSS Pin=C2-1
Added Pin To Net: NetName=solenoid_VSS Pin=C3-1
Added Pin To Net: NetName=solenoid_VSS Pin=C4-1
Added Pin To Net: NetName=solenoid_VSS Pin=C5-1
Added Pin To Net: NetName=solenoid_VSS Pin=C6-1
Added Pin To Net: NetName=solenoid_VSS Pin=C7-1
Added Pin To Net: NetName=solenoid_VSS Pin=C8-1
Added Pin To Net: NetName=solenoid_VSS Pin=C9-1
Added Pin To Net: NetName=solenoid_VSS Pin=C10-1
Added Pin To Net: NetName=solenoid_VSS Pin=C11-1
Added Pin To Net: NetName=solenoid_VSS Pin=C12-1
Added Pin To Net: NetName=solenoid_VSS Pin=C13-2
Added Pin To Net: NetName=solenoid_VSS Pin=C14-2
Added Pin To Net: NetName=solenoid_VSS Pin=C15-2
Added Pin To Net: NetName=solenoid_VSS Pin=C16-2
Added Pin To Net: NetName=solenoid_VSS Pin=C22-2
Added Pin To Net: NetName=solenoid_VSS Pin=C24-2
Added Pin To Net: NetName=solenoid_VSS Pin=C25-2
Added Pin To Net: NetName=solenoid_VSS Pin=C26-2
Added Pin To Net: NetName=solenoid_VSS Pin=C27-2
Added Pin To Net: NetName=solenoid_VSS Pin=C28-2
Added Pin To Net: NetName=solenoid_VSS Pin=D2-1
Added Pin To Net: NetName=solenoid_VSS Pin=D5-1
Added Pin To Net: NetName=solenoid_VSS Pin=E1-2
Added Pin To Net: NetName=solenoid_VSS Pin=E2-2
Added Pin To Net: NetName=solenoid_VSS Pin=E3-2
Added Pin To Net: NetName=solenoid_VSS Pin=J1-4
Added Pin To Net: NetName=solenoid_VSS Pin=J2-4
Added Pin To Net: NetName=solenoid_VSS Pin=J5-3
Added Pin To Net: NetName=solenoid_VSS Pin=J5-4
Added Pin To Net: NetName=solenoid_VSS Pin=L2-2
Added Pin To Net: NetName=solenoid_VSS Pin=P1-19
Added Pin To Net: NetName=solenoid_VSS Pin=P1-23
Added Pin To Net: NetName=solenoid_VSS Pin=P1-24
Added Pin To Net: NetName=solenoid_VSS Pin=Q1-S
Added Pin To Net: NetName=solenoid_VSS Pin=Q2-E
Added Pin To Net: NetName=solenoid_VSS Pin=R1-1
Added Pin To Net: NetName=solenoid_VSS Pin=R4-1
Added Pin To Net: NetName=solenoid_VSS Pin=R5-1
Added Pin To Net: NetName=solenoid_VSS Pin=R8-1
Added Pin To Net: NetName=solenoid_VSS Pin=R9-2
Added Pin To Net: NetName=solenoid_VSS Pin=R11-2
Added Pin To Net: NetName=solenoid_VSS Pin=R13-1
Added Pin To Net: NetName=solenoid_VSS Pin=R30-1
Added Pin To Net: NetName=solenoid_VSS Pin=R32-1
Added Pin To Net: NetName=solenoid_VSS Pin=R34-1
Added Pin To Net: NetName=solenoid_VSS Pin=S1-2
Added Pin To Net: NetName=solenoid_VSS Pin=U1-23
Added Pin To Net: NetName=solenoid_VSS Pin=U1-35
Added Pin To Net: NetName=solenoid_VSS Pin=U1-47
Added Pin To Net: NetName=solenoid_VSS Pin=U3-2
Added Pin To Net: NetName=solenoid_VSS Pin=U3-8
Added Pin To Net: NetName=solenoid_VSS Pin=U4-5
Added Pin To Net: NetName=solenoid_VSS Pin=U4-6
Added Pin To Net: NetName=solenoid_VSS Pin=U?-3
Added Pin To Net: NetName=solenoid_VSS Pin=V1-1
Added Net: Name=solenoid_VSS
Added Pin To Net: NetName=SWCLK Pin=J2-3
Added Pin To Net: NetName=SWCLK Pin=R4-2
Added Pin To Net: NetName=SWCLK Pin=U1-37
Added Net: Name=SWCLK
Added Pin To Net: NetName=SWDIO Pin=J2-2
Added Pin To Net: NetName=SWDIO Pin=R3-1
Added Pin To Net: NetName=SWDIO Pin=U1-34
Added Net: Name=SWDIO
Added Pin To Net: NetName=TXS_Control Pin=*1-10
Added Pin To Net: NetName=TXS_Control Pin=R30-2
Added Pin To Net: NetName=TXS_Control Pin=U1-28
Added Net: Name=TXS_Control
Added Pin To Net: NetName=USART3_RX Pin=J1-3
Added Pin To Net: NetName=USART3_RX Pin=U1-22
Added Net: Name=USART3_RX
Added Pin To Net: NetName=USART3_TX Pin=J1-2
Added Pin To Net: NetName=USART3_TX Pin=U1-21
Added Net: Name=USART3_TX
Added Pin To Net: NetName=VCC_3V3_CAN Pin=C11-2
Added Pin To Net: NetName=VCC_3V3_CAN Pin=R16-2
Added Pin To Net: NetName=VCC_3V3_CAN Pin=U3-5
Added Net: Name=VCC_3V3_CAN
Added Pin To Net: NetName=VCC_3V3 Pin=*1-2
Added Pin To Net: NetName=VCC_3V3 Pin=C2-2
Added Pin To Net: NetName=VCC_3V3 Pin=C3-2
Added Pin To Net: NetName=VCC_3V3 Pin=C4-2
Added Pin To Net: NetName=VCC_3V3 Pin=C5-2
Added Pin To Net: NetName=VCC_3V3 Pin=C6-2
Added Pin To Net: NetName=VCC_3V3 Pin=C15-1
Added Pin To Net: NetName=VCC_3V3 Pin=C28-1
Added Pin To Net: NetName=VCC_3V3 Pin=D1-2
Added Pin To Net: NetName=VCC_3V3 Pin=E3-1
Added Pin To Net: NetName=VCC_3V3 Pin=J1-1
Added Pin To Net: NetName=VCC_3V3 Pin=J2-1
Added Pin To Net: NetName=VCC_3V3 Pin=R2-2
Added Pin To Net: NetName=VCC_3V3 Pin=R3-2
Added Pin To Net: NetName=VCC_3V3 Pin=R16-1
Added Pin To Net: NetName=VCC_3V3 Pin=U1-9
Added Pin To Net: NetName=VCC_3V3 Pin=U1-24
Added Pin To Net: NetName=VCC_3V3 Pin=U1-36
Added Pin To Net: NetName=VCC_3V3 Pin=U1-48
Added Pin To Net: NetName=VCC_3V3 Pin=V1-2
Added Pin To Net: NetName=VCC_3V3 Pin=V1-2
Added Net: Name=VCC_3V3
Added Pin To Net: NetName=VCC_5V_CAN Pin=C9-2
Added Pin To Net: NetName=VCC_5V_CAN Pin=C10-2
Added Pin To Net: NetName=VCC_5V_CAN Pin=R17-2
Added Pin To Net: NetName=VCC_5V_CAN Pin=U3-3
Added Net: Name=VCC_5V_CAN
Added Pin To Net: NetName=VCC_5V Pin=*1-19
Added Pin To Net: NetName=VCC_5V Pin=C16-1
Added Pin To Net: NetName=VCC_5V Pin=C25-1
Added Pin To Net: NetName=VCC_5V Pin=C26-1
Added Pin To Net: NetName=VCC_5V Pin=C27-1
Added Pin To Net: NetName=VCC_5V Pin=D4-2
Added Pin To Net: NetName=VCC_5V Pin=E1-1
Added Pin To Net: NetName=VCC_5V Pin=E2-1
Added Pin To Net: NetName=VCC_5V Pin=J3-4
Added Pin To Net: NetName=VCC_5V Pin=J5-1
Added Pin To Net: NetName=VCC_5V Pin=J5-2
Added Pin To Net: NetName=VCC_5V Pin=JK2-1
Added Pin To Net: NetName=VCC_5V Pin=L1-2
Added Pin To Net: NetName=VCC_5V Pin=LED3-2
Added Pin To Net: NetName=VCC_5V Pin=P1-1
Added Pin To Net: NetName=VCC_5V Pin=P1-1
Added Pin To Net: NetName=VCC_5V Pin=P1-4
Added Pin To Net: NetName=VCC_5V Pin=P1-7
Added Pin To Net: NetName=VCC_5V Pin=P1-10
Added Pin To Net: NetName=VCC_5V Pin=R17-1
Added Pin To Net: NetName=VCC_5V Pin=R33-2
Added Pin To Net: NetName=VCC_5V Pin=V1-3
Added Net: Name=VCC_5V
Added Pin To Net: NetName=VCC_24V Pin=C24-1
Added Pin To Net: NetName=VCC_24V Pin=P1-13
Added Pin To Net: NetName=VCC_24V Pin=P1-13
Added Pin To Net: NetName=VCC_24V Pin=P1-21
Added Pin To Net: NetName=VCC_24V Pin=P1-22
Added Pin To Net: NetName=VCC_24V Pin=U4-7
Added Net: Name=VCC_24V
Added Pin To Net: NetName=watchdog_3V3 Pin=*1-1
Added Pin To Net: NetName=watchdog_3V3 Pin=U1-25
Added Net: Name=watchdog_3V3
Added Pin To Net: NetName=watchdog_5V Pin=*1-20
Added Pin To Net: NetName=watchdog_5V Pin=J7-1
Added Net: Name=watchdog_5V
Added Class: Name=HRT_23D_EBS1.0
Added Room: Name=HRT_23D_EBS1.0
