Change Component Designator: OldDesignator=J? NewDesignator=J3
Change Component Designator: OldDesignator=J? NewDesignator=J8
Added Component: Designator=C30(C 0805_M)
Added Component: Designator=C31(C 0805_M)
Added Component: Designator=D2(SMA)
Add component (AddParameter): Name = "BOM名称"; Value = "肖特基二极管"; VariantName = "[No Variations]"
Add component (AddParameter): Name = "学习资源"; Value = "www.ooocke.com"; VariantName = "[No Variations]"
Add component (AddParameter): Name = "属性"; Value = "40V/1A"; VariantName = "[No Variations]"
Add component (AddParameter): Name = "版权归属"; Value = "源创客"; VariantName = "[No Variations]"
Added Component: Designator=J9(KF2EDGK5.08W-2P)
Added Component: Designator=JK1(HF46-xx-HS1)
Add component (AddParameter): Name = "BOM名称"; Value = "24V继电器"; VariantName = "[No Variations]"
Add component (AddParameter): Name = "学习资源"; Value = "www.ooocke.com"; VariantName = "[No Variations]"
Add component (AddParameter): Name = "版权归属"; Value = "源创客"; VariantName = "[No Variations]"
Added Component: Designator=LED1(LED 0805R)
Add component (AddParameter): Name = "BOM名称"; Value = "贴片LED"; VariantName = "[No Variations]"
Add component (AddParameter): Name = "学习资源"; Value = "www.ooocke.com"; VariantName = "[No Variations]"
Add component (AddParameter): Name = "版权归属"; Value = "源创客"; VariantName = "[No Variations]"
Added Component: Designator=R6(0805R)
Added Component: Designator=R7(0805R)
Added Pin To Net: NetName=GND Pin=C30-2
Added Pin To Net: NetName=GND Pin=C31-2
Added Pin To Net: NetName=GND Pin=R6-1
Added Pin To Net: NetName=actuator_IN Pin=C30-1
Added Pin To Net: NetName=actuator_IN Pin=C31-1
Added Pin To Net: NetName=actuator_IN Pin=JK1-4
Added Net: Name=actuator_IN
Added Pin To Net: NetName=NetD2_1 Pin=D2-1
Added Pin To Net: NetName=NetD2_1 Pin=JK1-1
Added Pin To Net: NetName=NetD2_1 Pin=LED1-2
Added Pin To Net: NetName=NetD2_1 Pin=R6-2
Added Net: Name=NetD2_1
Added Pin To Net: NetName=NetLED1_1 Pin=LED1-1
Added Pin To Net: NetName=NetLED1_1 Pin=R7-1
Added Net: Name=NetLED1_1
Added Pin To Net: NetName=RES2- Pin=J9-2
Added Pin To Net: NetName=RES2- Pin=JK1-3
Added Net: Name=RES2-
Added Pin To Net: NetName=SC_out Pin=D2-2
Added Pin To Net: NetName=SC_out Pin=J9-1
Added Pin To Net: NetName=SC_out Pin=JK1-2
Added Pin To Net: NetName=SC_out Pin=R7-2
Added Net: Name=SC_out
Added Member To Class: ClassName=HRT_23D_EBS1.1 Member=Component C30 0.1uF
Added Member To Class: ClassName=HRT_23D_EBS1.1 Member=Component C31 1uF
Added Member To Class: ClassName=HRT_23D_EBS1.1 Member=Component D2 SS14
Added Member To Class: ClassName=HRT_23D_EBS1.1 Member=Component J8 Pin HDR1X4
Added Member To Class: ClassName=HRT_23D_EBS1.1 Member=Component J9 KF2EDGK-2P
Added Member To Class: ClassName=HRT_23D_EBS1.1 Member=Component JK1 HF46F/24-HS1
Added Member To Class: ClassName=HRT_23D_EBS1.1 Member=Component LED1 红色
Added Member To Class: ClassName=HRT_23D_EBS1.1 Member=Component R6 0R
Added Member To Class: ClassName=HRT_23D_EBS1.1 Member=Component R7 10K
