Change Component Designator: OldDesignator=C1 NewDesignator=C32
Change Component Designator: OldDesignator=C2 NewDesignator=C33
Change Component Designator: OldDesignator=C3 NewDesignator=C34
Change Component Designator: OldDesignator=C4 NewDesignator=C35
Change Component Designator: OldDesignator=C5 NewDesignator=C36
Change Component Designator: OldDesignator=D1 NewDesignator=D7
Change Component Designator: OldDesignator=J1 NewDesignator=J11
Change Component Designator: OldDesignator=J2 NewDesignator=J12
Change Component Designator: OldDesignator=J3 NewDesignator=J13
Change Component Designator: OldDesignator=R1 NewDesignator=R42
Change Component Designator: OldDesignator=R2 NewDesignator=R43
Change Component Designator: OldDesignator=U1 NewDesignator=U7
Change Component Designator: OldDesignator=U2 NewDesignator=U8
Change Component Designator: OldDesignator=U3 NewDesignator=U9
Change Component Designator: OldDesignator=U4 NewDesignator=U10
Change Component Designator: OldDesignator=U5 NewDesignator=U11
Change Net Name : Old Net Name=AND_3A New Net Name=AND_3A | OR_4A
Change Net Name : Old Net Name=NetC2_2 New Net Name=NetC33_2
Change Net Name : Old Net Name=NetC3_2 New Net Name=NetC34_2
Change Net Name : Old Net Name=NetD1_1 New Net Name=NetD7_1
