Added Component: Designator=C1(C 0805_M)
Added Component: Designator=C2(C 0805_M)
Added Component: Designator=C3(C 0805_M)
Added Component: Designator=C4(C 0805_M)
Added Component: Designator=D1(LED 0805G)
Add component (AddParameter): Name = "BOM名称"; Value = "贴片LED"; VariantName = "[No Variations]"
Add component (AddParameter): Name = "学习资源"; Value = "www.ooocke.com"; VariantName = "[No Variations]"
Add component (AddParameter): Name = "版权归属"; Value = "源创客"; VariantName = "[No Variations]"
Added Component: Designator=E1(CM A(3*5.4))
Add component (AddParameter): Name = "BOM名称"; Value = "贴片电解电容"; VariantName = "[No Variations]"
Add component (AddParameter): Name = "学习资源"; Value = "www.ooocke.com"; VariantName = "[No Variations]"
Add component (AddParameter): Name = "版权归属"; Value = "源创客"; VariantName = "[No Variations]"
Added Component: Designator=R1(0805R)
Added Component: Designator=R2(0805R)
Added Pin To Net: NetName=GND Pin=C1-1
Added Pin To Net: NetName=VCC_5V Pin=C1-2
Added Pin To Net: NetName=GND Pin=C2-1
Added Pin To Net: NetName=NetC4_1 Pin=C2-2
Added Pin To Net: NetName=GND Pin=C3-1
Added Pin To Net: NetName=NetC3_2 Pin=C3-2
Added Pin To Net: NetName=GND Pin=C4-1
Added Pin To Net: NetName=watchdog Pin=C4-2
Added Pin To Net: NetName=NetD1_1 Pin=D1-1
Added Pin To Net: NetName=GND Pin=D1-2
Added Pin To Net: NetName=VCC_5V Pin=E1-1
Added Pin To Net: NetName=GND Pin=E1-2
Added Pin To Net: NetName=VCC_5V Pin=R1-1
Added Pin To Net: NetName=NetD1_1 Pin=R1-2
Added Pin To Net: NetName=NetC4_1 Pin=R2-1
Added Pin To Net: NetName=VCC_5V Pin=R2-2
Change Net Name : Old Net Name=NetC4_1 New Net Name=NetC2_2
Added Class: Name=HRT_23D_EBS_Non1.0
Added Room: Name=HRT_23D_EBS_Non1.0
