Added Component: Designator=J1(Pin HDR1X4/2.54mm-S)
Added Component: Designator=J2(Pin HDR1X4/2.54mm-S)
Added Component: Designator=J3(Pin HDR1X4/2.54mm-S)
Added Component: Designator=U1(SOP14)
Added Component: Designator=U2(SOP14)
Added Component: Designator=U3(SOP14)
Added Component: Designator=U4(SOP14)
Added Component: Designator=U5(SOP8)
Added Pin To Net: NetName=GND Pin=J1-1
Added Pin To Net: NetName=GND Pin=J1-2
Added Pin To Net: NetName=VCC_5V Pin=J1-3
Added Pin To Net: NetName=VCC_5V Pin=J1-4
Added Pin To Net: NetName=brake_control Pin=J2-3
Added Pin To Net: NetName=SDC_AS Pin=J2-4
Added Pin To Net: NetName=b\r\a\k\e Pin=J3-1
Added Pin To Net: NetName=A\S\_\m\o\d\e\ Pin=J3-2
Added Pin To Net: NetName=shutdown_circuit Pin=J3-3
Added Pin To Net: NetName=watchdog Pin=J3-4
Added Pin To Net: NetName=shutdown_circuit Pin=U1-1
Added Pin To Net: NetName=1S\D\ Pin=U1-2
Added Pin To Net: NetName=GND Pin=U1-7
Added Pin To Net: NetName=VCC_5V Pin=U1-14
Added Pin To Net: NetName=OR_1A Pin=U2-1
Added Pin To Net: NetName=OR_1B Pin=U2-2
Added Pin To Net: NetName=2S\D\ Pin=U2-3
Added Pin To Net: NetName=GND Pin=U2-7
Added Pin To Net: NetName=VCC_5V Pin=U2-14
Added Pin To Net: NetName=W\D\O\ Pin=U3-1
Added Pin To Net: NetName=shutdown_circuit Pin=U3-2
Added Pin To Net: NetName=OR_1A Pin=U3-3
Added Pin To Net: NetName=watchdog Pin=U3-4
Added Pin To Net: NetName=AND_2B Pin=U3-5
Added Pin To Net: NetName=AND_3A | 4B Pin=U3-6
Added Pin To Net: NetName=GND Pin=U3-7
Added Pin To Net: NetName=SDC_AS Pin=U3-8
Added Pin To Net: NetName=AND_3A | 4B Pin=U3-9
Added Pin To Net: NetName=A\S\_\m\o\d\e\ Pin=U3-10
Added Pin To Net: NetName=brake_control Pin=U3-11
Added Pin To Net: NetName=b\r\a\k\e Pin=U3-12
Added Pin To Net: NetName=AND_3A | 4B Pin=U3-13
Added Pin To Net: NetName=VCC_5V Pin=U3-14
Added Pin To Net: NetName=R\E\S\ Pin=U4-1
Added Pin To Net: NetName=GND Pin=U4-2
Added Pin To Net: NetName=GND Pin=U4-3
Added Pin To Net: NetName=1S\D\ Pin=U4-4
Added Pin To Net: NetName=OR_1B Pin=U4-6
Added Pin To Net: NetName=GND Pin=U4-7
Added Pin To Net: NetName=AND_2B Pin=U4-8
Added Pin To Net: NetName=2S\D\ Pin=U4-10
Added Pin To Net: NetName=GND Pin=U4-11
Added Pin To Net: NetName=GND Pin=U4-12
Added Pin To Net: NetName=R\E\S\ Pin=U4-13
Added Pin To Net: NetName=VCC_5V Pin=U4-14
Added Pin To Net: NetName=GND Pin=U5-1
Added Pin To Net: NetName=NetC2_2 Pin=U5-2
Added Pin To Net: NetName=R\E\S\ Pin=U5-3
Added Pin To Net: NetName=NetC3_2 Pin=U5-4
Added Pin To Net: NetName=W\D\O\ Pin=U5-5
Added Pin To Net: NetName=watchdog Pin=U5-6
Added Pin To Net: NetName=watchdog Pin=U5-7
Added Pin To Net: NetName=VCC_5V Pin=U5-8
Added Member To Class: ClassName=HRT_23D_EBS_Non1.0 Member=Component J1 Pin HDR1X4
Added Member To Class: ClassName=HRT_23D_EBS_Non1.0 Member=Component J2 Pin HDR1X4
Added Member To Class: ClassName=HRT_23D_EBS_Non1.0 Member=Component J3 Pin HDR1X4
Added Member To Class: ClassName=HRT_23D_EBS_Non1.0 Member=Component U1 CD4069
Added Member To Class: ClassName=HRT_23D_EBS_Non1.0 Member=Component U2 74HC32D
Added Member To Class: ClassName=HRT_23D_EBS_Non1.0 Member=Component U3 74HC08N
Added Member To Class: ClassName=HRT_23D_EBS_Non1.0 Member=Component U4 74HC74D
Added Member To Class: ClassName=HRT_23D_EBS_Non1.0 Member=Component U5 UCC2946D
