Removed Pin From Net: NetName=GND Pin=C1-1
Removed Pin From Net: NetName=VCC_5V Pin=C1-2
Removed Pin From Net: NetName=GND Pin=C5-1
Removed Pin From Net: NetName=VCC_5V Pin=C5-2
Removed Pin From Net: NetName=GND Pin=D1-2
Removed Pin From Net: NetName=GND Pin=J1-1
Removed Pin From Net: NetName=GND Pin=J1-2
Removed Pin From Net: NetName=VCC_5V Pin=J1-3
Removed Pin From Net: NetName=VCC_5V Pin=J1-4
Removed Pin From Net: NetName=VCC_5V Pin=R1-1
Added Component: Designator=D?(LED 0805G)
Add component (AddParameter): Name = "BOM名称"; Value = "贴片LED"; VariantName = "[No Variations]"
Add component (AddParameter): Name = "学习资源"; Value = "www.ooocke.com"; VariantName = "[No Variations]"
Add component (AddParameter): Name = "版权归属"; Value = "源创客"; VariantName = "[No Variations]"
Added Component: Designator=R?(0805R)
Added Pin To Net: NetName=VCC_5V Pin=C1-1
Added Pin To Net: NetName=GND Pin=C1-2
Added Pin To Net: NetName=VCC_5V Pin=C5-1
Added Pin To Net: NetName=GND Pin=C5-2
Added Pin To Net: NetName=GND Pin=D?-2
Added Pin To Net: NetName=VCC_5V Pin=J1-1
Added Pin To Net: NetName=VCC_5V Pin=J1-2
Added Pin To Net: NetName=GND Pin=J1-3
Added Pin To Net: NetName=GND Pin=J1-4
Added Pin To Net: NetName=VCC_5V Pin=R?-1
Added Pin To Net: NetName=NetD?_1 Pin=D?-1
Added Pin To Net: NetName=NetD?_1 Pin=R?-2
Added Net: Name=NetD?_1
Added Member To Class: ClassName=HRT_23D_EBS_Non1.0 Member=Component D? 红色
Added Member To Class: ClassName=HRT_23D_EBS_Non1.0 Member=Component R? 3.3K
