Added Component: Designator=C1(C 0805_M)
Added Component: Designator=C2(C 0805_M)
Added Component: Designator=C3(C 0805_M)
Added Component: Designator=C4(C 0805_M)
Added Component: Designator=D1(LED 0805G)
Add component (AddParameter): Name = "BOM名称"; Value = "贴片LED"; VariantName = "[No Variations]"
Add component (AddParameter): Name = "学习资源"; Value = "www.ooocke.com"; VariantName = "[No Variations]"
Add component (AddParameter): Name = "版权归属"; Value = "源创客"; VariantName = "[No Variations]"
Added Component: Designator=E1(CM A(3*5.4))
Add component (AddParameter): Name = "BOM名称"; Value = "贴片电解电容"; VariantName = "[No Variations]"
Add component (AddParameter): Name = "学习资源"; Value = "www.ooocke.com"; VariantName = "[No Variations]"
Add component (AddParameter): Name = "版权归属"; Value = "源创客"; VariantName = "[No Variations]"
Added Component: Designator=J1(Pin HDR1X4/2.54mm-S)
Added Component: Designator=J2(Pin HDR1X4/2.54mm-S)
Added Component: Designator=J3(Pin HDR1X4/2.54mm-S)
Added Component: Designator=R1(0805R)
Added Component: Designator=R2(0805R)
Added Component: Designator=U1(SOP14)
Added Component: Designator=U2(SOP14)
Added Component: Designator=U3(SOP14)
Added Component: Designator=U4(SOP14)
Added Component: Designator=U5(SOP8)
Added Pin To Net: NetName=1S\D\ Pin=U1-2
Added Pin To Net: NetName=1S\D\ Pin=U4-4
Added Net: Name=1S\D\
Added Pin To Net: NetName=2S\D\ Pin=U2-3
Added Pin To Net: NetName=2S\D\ Pin=U4-10
Added Net: Name=2S\D\
Added Pin To Net: NetName=A\S\_\m\o\d\e\ Pin=J3-2
Added Pin To Net: NetName=A\S\_\m\o\d\e\ Pin=U2-13
Added Net: Name=A\S\_\m\o\d\e\
Added Pin To Net: NetName=AND_2B Pin=U3-5
Added Pin To Net: NetName=AND_2B Pin=U4-8
Added Net: Name=AND_2B
Added Pin To Net: NetName=AND_3A | OR_4A Pin=U2-12
Added Pin To Net: NetName=AND_3A | OR_4A Pin=U3-6
Added Pin To Net: NetName=AND_3A | OR_4A Pin=U3-13
Added Net: Name=AND_3A | OR_4A
Added Pin To Net: NetName=b\r\a\k\e Pin=J3-1
Added Pin To Net: NetName=b\r\a\k\e Pin=U3-12
Added Net: Name=b\r\a\k\e
Added Pin To Net: NetName=brake_control Pin=J2-3
Added Pin To Net: NetName=brake_control Pin=U3-11
Added Net: Name=brake_control
Added Pin To Net: NetName=GND Pin=C1-1
Added Pin To Net: NetName=GND Pin=C2-1
Added Pin To Net: NetName=GND Pin=C3-1
Added Pin To Net: NetName=GND Pin=C4-1
Added Pin To Net: NetName=GND Pin=D1-2
Added Pin To Net: NetName=GND Pin=E1-2
Added Pin To Net: NetName=GND Pin=J1-1
Added Pin To Net: NetName=GND Pin=J1-2
Added Pin To Net: NetName=GND Pin=U1-7
Added Pin To Net: NetName=GND Pin=U2-7
Added Pin To Net: NetName=GND Pin=U3-7
Added Pin To Net: NetName=GND Pin=U4-2
Added Pin To Net: NetName=GND Pin=U4-3
Added Pin To Net: NetName=GND Pin=U4-7
Added Pin To Net: NetName=GND Pin=U4-11
Added Pin To Net: NetName=GND Pin=U4-12
Added Pin To Net: NetName=GND Pin=U5-1
Added Net: Name=GND
Added Pin To Net: NetName=NetC2_2 Pin=C2-2
Added Pin To Net: NetName=NetC2_2 Pin=R2-1
Added Pin To Net: NetName=NetC2_2 Pin=U5-2
Added Net: Name=NetC2_2
Added Pin To Net: NetName=NetC3_2 Pin=C3-2
Added Pin To Net: NetName=NetC3_2 Pin=U5-4
Added Net: Name=NetC3_2
Added Pin To Net: NetName=NetD1_1 Pin=D1-1
Added Pin To Net: NetName=NetD1_1 Pin=R1-2
Added Net: Name=NetD1_1
Added Pin To Net: NetName=OR_1A Pin=U2-1
Added Pin To Net: NetName=OR_1A Pin=U3-3
Added Net: Name=OR_1A
Added Pin To Net: NetName=OR_1B Pin=U2-2
Added Pin To Net: NetName=OR_1B Pin=U4-6
Added Net: Name=OR_1B
Added Pin To Net: NetName=R\E\S\ Pin=U4-1
Added Pin To Net: NetName=R\E\S\ Pin=U4-13
Added Pin To Net: NetName=R\E\S\ Pin=U5-3
Added Net: Name=R\E\S\
Added Pin To Net: NetName=SDC_AS Pin=J2-4
Added Pin To Net: NetName=SDC_AS Pin=U2-11
Added Net: Name=SDC_AS
Added Pin To Net: NetName=shutdown_circuit Pin=J3-3
Added Pin To Net: NetName=shutdown_circuit Pin=U1-1
Added Pin To Net: NetName=shutdown_circuit Pin=U3-2
Added Net: Name=shutdown_circuit
Added Pin To Net: NetName=VCC_5V Pin=C1-2
Added Pin To Net: NetName=VCC_5V Pin=E1-1
Added Pin To Net: NetName=VCC_5V Pin=J1-3
Added Pin To Net: NetName=VCC_5V Pin=J1-4
Added Pin To Net: NetName=VCC_5V Pin=R1-1
Added Pin To Net: NetName=VCC_5V Pin=R2-2
Added Pin To Net: NetName=VCC_5V Pin=U1-14
Added Pin To Net: NetName=VCC_5V Pin=U2-14
Added Pin To Net: NetName=VCC_5V Pin=U3-14
Added Pin To Net: NetName=VCC_5V Pin=U4-14
Added Pin To Net: NetName=VCC_5V Pin=U5-8
Added Net: Name=VCC_5V
Added Pin To Net: NetName=W\D\O\ Pin=U3-1
Added Pin To Net: NetName=W\D\O\ Pin=U3-4
Added Pin To Net: NetName=W\D\O\ Pin=U5-5
Added Net: Name=W\D\O\
Added Pin To Net: NetName=watchdog Pin=C4-2
Added Pin To Net: NetName=watchdog Pin=J3-4
Added Pin To Net: NetName=watchdog Pin=U5-6
Added Pin To Net: NetName=watchdog Pin=U5-7
Added Net: Name=watchdog
