Removed Pin From Net: NetName=GND Pin=J4-1
Removed Pin From Net: NetName=GND Pin=R4-1
Removed Pin From Net: NetName=brake_control1_5V Pin=R4-2
Removed Pin From Net: NetName=NetJ2_1 Pin=R5-1
Removed Pin From Net: NetName=NetLED2_1 Pin=R9-2
Removed Pin From Net: NetName=brake_control2_5V Pin=R10-2
Removed Pin From Net: NetName=GND Pin=R11-1
Removed Pin From Net: NetName=brake_control2_5V Pin=R11-2
Removed Pin From Net: NetName=VCC_24V Pin=R?-1
Removed Pin From Net: NetName=actuator_IN Pin=R?-2
Removed Member From Class: ClassName=ControlBoard Member=R?
Change Component Footprint: Designator=R10 Old Footprint=0805R New Footprint=1206R
Change Component Footprint: Designator=LED2 Old Footprint=LED 0805B New Footprint=LED 0805W
Change Component Comment : Designator=R8 Old Comment=0R New Comment=30R
Change Component Comment : Designator=R2 Old Comment=10K New Comment=0R
Change Component Comment : Designator=R10 Old Comment=100R New Comment=0R
Change Component Comment : Designator=R4 Old Comment=100R New Comment=10K
Change Component Comment : Designator=R11 Old Comment=100R New Comment=10K
Change Component Comment : Designator=R3 Old Comment=100R New Comment=30R
Change Component Comment : Designator=Q1 Old Comment=N-MOS New Comment=AO3400
Change Component Comment : Designator=Q2 Old Comment=N-MOS New Comment=AO3400
Change Component Comment : Designator=LED2 Old Comment=蓝色 New Comment=白色
Added Component: Designator=C1(C 0805_M)
Added Component: Designator=C2(C 0805_M)
Added Component: Designator=C3(C 0805_M)
Added Component: Designator=D3(SMA)
Add component (AddParameter): Name = "BOM名称"; Value = "肖特基二极管"; VariantName = "[No Variations]"
Add component (AddParameter): Name = "学习资源"; Value = "www.ooocke.com"; VariantName = "[No Variations]"
Add component (AddParameter): Name = "属性"; Value = "40V/1A"; VariantName = "[No Variations]"
Add component (AddParameter): Name = "版权归属"; Value = "源创客"; VariantName = "[No Variations]"
Added Component: Designator=D4(SMA)
Add component (AddParameter): Name = "BOM名称"; Value = "肖特基二极管"; VariantName = "[No Variations]"
Add component (AddParameter): Name = "学习资源"; Value = "www.ooocke.com"; VariantName = "[No Variations]"
Add component (AddParameter): Name = "属性"; Value = "40V/1A"; VariantName = "[No Variations]"
Add component (AddParameter): Name = "版权归属"; Value = "源创客"; VariantName = "[No Variations]"
Added Component: Designator=D5(SMA)
Add component (AddParameter): Name = "BOM名称"; Value = "肖特基二极管"; VariantName = "[No Variations]"
Add component (AddParameter): Name = "学习资源"; Value = "www.ooocke.com"; VariantName = "[No Variations]"
Add component (AddParameter): Name = "属性"; Value = "40V/3A"; VariantName = "[No Variations]"
Add component (AddParameter): Name = "版权归属"; Value = "源创客"; VariantName = "[No Variations]"
Added Component: Designator=E1(CM D(6.3*7.7))
Add component (AddParameter): Name = "BOM名称"; Value = "贴片电解电容"; VariantName = "[No Variations]"
Add component (AddParameter): Name = "学习资源"; Value = "www.ooocke.com"; VariantName = "[No Variations]"
Add component (AddParameter): Name = "版权归属"; Value = "源创客"; VariantName = "[No Variations]"
Added Component: Designator=E2(CM C(5*5.4))
Add component (AddParameter): Name = "BOM名称"; Value = "贴片电解电容"; VariantName = "[No Variations]"
Add component (AddParameter): Name = "学习资源"; Value = "www.ooocke.com"; VariantName = "[No Variations]"
Add component (AddParameter): Name = "版权归属"; Value = "源创客"; VariantName = "[No Variations]"
Added Component: Designator=L1(SMD 12*12*8mm)
Add component (AddParameter): Name = "BOM名称"; Value = "功率电感"; VariantName = "[No Variations]"
Add component (AddParameter): Name = "学习资源"; Value = "www.ooocke.com"; VariantName = "[No Variations]"
Add component (AddParameter): Name = "版权归属"; Value = "源创客"; VariantName = "[No Variations]"
Added Component: Designator=LED3(LED 0805B)
Add component (AddParameter): Name = "BOM名称"; Value = "贴片LED"; VariantName = "[No Variations]"
Add component (AddParameter): Name = "学习资源"; Value = "www.ooocke.com"; VariantName = "[No Variations]"
Add component (AddParameter): Name = "版权归属"; Value = "源创客"; VariantName = "[No Variations]"
Added Component: Designator=R12(0805R)
Added Component: Designator=U1(SOP8-Pad)
Added Pin To Net: NetName=actuator_IN Pin=C2-1
Added Pin To Net: NetName=GND Pin=C2-2
Added Pin To Net: NetName=GND Pin=C3-2
Added Pin To Net: NetName=GND Pin=D1-1
Added Pin To Net: NetName=brake_control1_5V Pin=D2-2
Added Pin To Net: NetName=brake_control2_5V Pin=D3-2
Added Pin To Net: NetName=GND Pin=D4-1
Added Pin To Net: NetName=GND Pin=D5-1
Added Pin To Net: NetName=actuator_IN Pin=E1-1
Added Pin To Net: NetName=GND Pin=E1-2
Added Pin To Net: NetName=GND Pin=E2-2
Added Pin To Net: NetName=GND Pin=J1-2
Added Pin To Net: NetName=GND Pin=J3-2
Added Pin To Net: NetName=VCC_5V Pin=J4-1
Added Pin To Net: NetName=VCC_24V Pin=LED1-1
Added Pin To Net: NetName=GND Pin=LED1-2
Added Pin To Net: NetName=NetJ2_1 Pin=LED2-2
Added Pin To Net: NetName=VCC_24V Pin=LED3-1
Added Pin To Net: NetName=GND Pin=LED3-2
Added Pin To Net: NetName=GND Pin=Q1-D
Added Pin To Net: NetName=GND Pin=Q2-D
Added Pin To Net: NetName=VCC_24V Pin=R1-2
Added Pin To Net: NetName=VCC_24V Pin=R2-2
Added Pin To Net: NetName=GND Pin=R4-2
Added Pin To Net: NetName=NetLED2_1 Pin=R5-1
Added Pin To Net: NetName=brake_control2_5V Pin=R8-2
Added Pin To Net: NetName=GND Pin=R9-2
Added Pin To Net: NetName=VCC_24V Pin=R10-1
Added Pin To Net: NetName=GND Pin=R12-1
Added Pin To Net: NetName=GND Pin=U1-6
Added Pin To Net: NetName=actuator_IN Pin=U1-7
Change Net Name : Old Net Name=solenoid1_VDD New Net Name=NetD1_2
Added Pin To Net: NetName=NetC1_1 Pin=C1-1
Added Pin To Net: NetName=NetC1_1 Pin=U1-1
Added Net: Name=NetC1_1
Added Pin To Net: NetName=NetC1_2 Pin=C1-2
Added Pin To Net: NetName=NetC1_2 Pin=D5-2
Added Pin To Net: NetName=NetC1_2 Pin=L1-1
Added Pin To Net: NetName=NetC1_2 Pin=U1-8
Added Net: Name=NetC1_2
Added Pin To Net: NetName=NetC3_1 Pin=C3-1
Added Pin To Net: NetName=NetC3_1 Pin=E2-1
Added Pin To Net: NetName=NetC3_1 Pin=L1-2
Added Pin To Net: NetName=NetC3_1 Pin=R10-2
Added Pin To Net: NetName=NetC3_1 Pin=R11-2
Added Net: Name=NetC3_1
Added Pin To Net: NetName=NetD2_1 Pin=D2-1
Added Pin To Net: NetName=NetD2_1 Pin=Q1-G
Added Pin To Net: NetName=NetD2_1 Pin=R3-1
Added Pin To Net: NetName=NetD2_1 Pin=R4-1
Added Net: Name=NetD2_1
Added Pin To Net: NetName=NetD3_1 Pin=D3-1
Added Pin To Net: NetName=NetD3_1 Pin=Q2-G
Added Pin To Net: NetName=NetD3_1 Pin=R8-1
Added Pin To Net: NetName=NetD3_1 Pin=R9-1
Added Net: Name=NetD3_1
Added Pin To Net: NetName=NetD4_2 Pin=D4-2
Added Pin To Net: NetName=NetD4_2 Pin=J3-1
Added Pin To Net: NetName=NetD4_2 Pin=R2-1
Added Net: Name=NetD4_2
Added Pin To Net: NetName=NetR11_1 Pin=R11-1
Added Pin To Net: NetName=NetR11_1 Pin=R12-2
Added Pin To Net: NetName=NetR11_1 Pin=U1-4
Added Net: Name=NetR11_1
Added Member To Class: ClassName=ControlBoard Member=Component C1 0.01uF
Added Member To Class: ClassName=ControlBoard Member=Component C2 10nF
Added Member To Class: ClassName=ControlBoard Member=Component C3 0.1uF
Added Member To Class: ClassName=ControlBoard Member=Component D3 SS14
Added Member To Class: ClassName=ControlBoard Member=Component D4 SS14
Added Member To Class: ClassName=ControlBoard Member=Component D5 B340A
Added Member To Class: ClassName=ControlBoard Member=Component E1 100uF/35V
Added Member To Class: ClassName=ControlBoard Member=Component E2 10uF/25V
Added Member To Class: ClassName=ControlBoard Member=Component L1 68uH
Added Member To Class: ClassName=ControlBoard Member=Component LED3 蓝色
Added Member To Class: ClassName=ControlBoard Member=Component R12 536R
Added Member To Class: ClassName=ControlBoard Member=Component U1 TPS5430
