Change Component Designator: OldDesignator=D1 NewDesignator=D?
Change Component Designator: OldDesignator=D2 NewDesignator=D?
Change Component Designator: OldDesignator=J1 NewDesignator=J?
Change Component Designator: OldDesignator=J2 NewDesignator=J?
Change Component Designator: OldDesignator=J3 NewDesignator=J?
Change Component Designator: OldDesignator=LED1 NewDesignator=LED?
Change Component Designator: OldDesignator=LED2 NewDesignator=LED?
Change Component Designator: OldDesignator=Q1 NewDesignator=Q?
Change Component Designator: OldDesignator=Q2 NewDesignator=Q?
Change Component Designator: OldDesignator=R1 NewDesignator=R?
Change Component Designator: OldDesignator=R2 NewDesignator=R?
Change Component Designator: OldDesignator=R3 NewDesignator=R?
Change Component Designator: OldDesignator=R4 NewDesignator=R?
Change Component Designator: OldDesignator=R5 NewDesignator=R?
Change Component Designator: OldDesignator=R6 NewDesignator=R?
Change Component Designator: OldDesignator=R7 NewDesignator=R?
Change Component Designator: OldDesignator=R8 NewDesignator=R?
Change Component Designator: OldDesignator=R9 NewDesignator=R?
Change Component Designator: OldDesignator=R10 NewDesignator=R?
Change Component Designator: OldDesignator=R11 NewDesignator=R?
Added Component: Designator=J?(Pin HDR1X4/2.54mm-S)
Added Component: Designator=J?(Pin HDR1X4/2.54mm-S)
Change Net Name : Old Net Name=NetJ3_1 New Net Name=NetJ?_1
Change Net Name : Old Net Name=NetJ3_2 New Net Name=NetJ?_2
Change Net Name : Old Net Name=NetLED1_1 New Net Name=NetLED?_1
Change Net Name : Old Net Name=NetLED2_1 New Net Name=NetLED?_1
Change Net Name : Old Net Name=NetQ1_G New Net Name=NetQ?_G
Change Net Name : Old Net Name=NetQ2_G New Net Name=NetQ?_G
Added Member To Class: ClassName=ControlBoard Member=Component J? Pin HDR1X4
Added Member To Class: ClassName=ControlBoard Member=Component J? Pin HDR1X4
Added Member To Class: ClassName=ControlBoard Member=Component Q? N-MOS
